[28-Jan-2018 10:53:38 UTC] PHP Notice:  Undefined index: HTTPS in /Volumes/FloppyDisk/www/dash/parts/PageBuildify.php on line 94
[28-Jan-2018 10:53:38 UTC] PHP Stack trace:
[28-Jan-2018 10:53:38 UTC] PHP   1. {main}() /Volumes/FloppyDisk/www/dash/index.php:0
[28-Jan-2018 10:53:38 UTC] PHP   2. conjure_dash\PageBuildify->currentPage() /Volumes/FloppyDisk/www/dash/index.php:16
[28-Jan-2018 10:53:38 UTC] PHP   3. conjure_dash\PageBuildify->curPageURL() /Volumes/FloppyDisk/www/dash/parts/PageBuildify.php:53
[28-Jan-2018 10:53:38 UTC] PHP Warning:  scandir(/home/vagrant/code): failed to open dir: No such file or directory in /Volumes/FloppyDisk/www/dash/pages/dashboard_general.php on line 65
[28-Jan-2018 10:53:38 UTC] PHP Stack trace:
[28-Jan-2018 10:53:38 UTC] PHP   1. {main}() /Volumes/FloppyDisk/www/dash/index.php:0
[28-Jan-2018 10:53:38 UTC] PHP   2. include() /Volumes/FloppyDisk/www/dash/index.php:66
[28-Jan-2018 10:53:38 UTC] PHP   3. include() /Volumes/FloppyDisk/www/dash/pages/dashboard.php:8
[28-Jan-2018 10:53:38 UTC] PHP   4. scandir() /Volumes/FloppyDisk/www/dash/pages/dashboard_general.php:65
[28-Jan-2018 10:53:38 UTC] PHP Warning:  scandir(): (errno 2): No such file or directory in /Volumes/FloppyDisk/www/dash/pages/dashboard_general.php on line 65
[28-Jan-2018 10:53:38 UTC] PHP Stack trace:
[28-Jan-2018 10:53:38 UTC] PHP   1. {main}() /Volumes/FloppyDisk/www/dash/index.php:0
[28-Jan-2018 10:53:38 UTC] PHP   2. include() /Volumes/FloppyDisk/www/dash/index.php:66
[28-Jan-2018 10:53:38 UTC] PHP   3. include() /Volumes/FloppyDisk/www/dash/pages/dashboard.php:8
[28-Jan-2018 10:53:38 UTC] PHP   4. scandir() /Volumes/FloppyDisk/www/dash/pages/dashboard_general.php:65
[28-Jan-2018 10:53:38 UTC] PHP Warning:  array_slice() expects parameter 1 to be array, boolean given in /Volumes/FloppyDisk/www/dash/pages/dashboard_general.php on line 65
[28-Jan-2018 10:53:38 UTC] PHP Stack trace:
[28-Jan-2018 10:53:38 UTC] PHP   1. {main}() /Volumes/FloppyDisk/www/dash/index.php:0
[28-Jan-2018 10:53:38 UTC] PHP   2. include() /Volumes/FloppyDisk/www/dash/index.php:66
[28-Jan-2018 10:53:38 UTC] PHP   3. include() /Volumes/FloppyDisk/www/dash/pages/dashboard.php:8
[28-Jan-2018 10:53:38 UTC] PHP   4. array_slice() /Volumes/FloppyDisk/www/dash/pages/dashboard_general.php:65
[28-Jan-2018 10:53:38 UTC] PHP Warning:  Invalid argument supplied for foreach() in /Volumes/FloppyDisk/www/dash/pages/dashboard_general.php on line 66
[28-Jan-2018 10:53:38 UTC] PHP Stack trace:
[28-Jan-2018 10:53:38 UTC] PHP   1. {main}() /Volumes/FloppyDisk/www/dash/index.php:0
[28-Jan-2018 10:53:38 UTC] PHP   2. include() /Volumes/FloppyDisk/www/dash/index.php:66
[28-Jan-2018 10:53:38 UTC] PHP   3. include() /Volumes/FloppyDisk/www/dash/pages/dashboard.php:8
